<?xml version="1.0" encoding="UTF-8"?>
<!-- Generated by org.testng.reporters.JUnitReportReporter -->
<testsuite hostname="LAPTOP-9U1DLM3I" failures="0" tests="1" name="POM.Excel1" time="0.000" errors="0" timestamp="2024-04-07T18:51:26 ICT" skipped="1">
  <testcase classname="POM.Excel1" name="f" time="0.000">
    <skipped/>
  </testcase> <!-- f -->
  <system-out/>
</testsuite> <!-- POM.Excel1 -->
