<?xml version="1.0" encoding="UTF-8"?>
<!-- Generated by org.testng.reporters.JUnitReportReporter -->
<testsuite hostname="LAPTOP-9U1DLM3I" failures="0" tests="1" name="DangNhap.DocJSon" time="0.000" errors="0" timestamp="2024-04-02T11:47:39 ICT" skipped="1">
  <testcase classname="DangNhap.DocJSon" name="loginTest" time="0.000">
    <skipped/>
  </testcase> <!-- loginTest -->
  <system-out/>
</testsuite> <!-- DangNhap.DocJSon -->
