<?xml version="1.0" encoding="UTF-8"?>
<!-- Generated by org.testng.reporters.JUnitReportReporter -->
<testsuite hostname="LAPTOP-KF32ETP1" failures="0" tests="2" name="TestScripts.Them_thuong_hieu" time="49.762" errors="0" timestamp="2024-03-19T17:26:05 ICT" skipped="0">
  <testcase classname="TestScripts.Them_thuong_hieu" name="Login" time="8.423"/>
  <testcase classname="TestScripts.Them_thuong_hieu" name="Status_Order_Product" time="41.339"/>
</testsuite> <!-- TestScripts.Them_thuong_hieu -->
