<?xml version="1.0" encoding="UTF-8"?>
<!-- Generated by org.testng.reporters.JUnitReportReporter -->
<testsuite hostname="LAPTOP-9U1DLM3I" failures="0" tests="1" name="TestScripts.dy" time="17.573" errors="0" timestamp="2024-04-02T22:22:04 ICT" skipped="0">
  <testcase classname="TestScripts.dy" name="f" time="17.573"/>
  <system-out/>
</testsuite> <!-- TestScripts.dy -->
