<?xml version="1.0" encoding="UTF-8"?>
<!-- Generated by org.testng.reporters.JUnitReportReporter -->
<testsuite hostname="Admin-PC" failures="0" tests="1" name="TestScripts.Test_Search_Product" time="2.357" errors="0" timestamp="2024-03-03T22:23:40 GMT+07:00" skipped="0">
  <testcase classname="TestScripts.Test_Search_Product" name="Add_Product" time="2.357"/>
</testsuite> <!-- TestScripts.Test_Search_Product -->
