<?xml version="1.0" encoding="UTF-8"?>
<!-- Generated by org.testng.reporters.JUnitReportReporter -->
<testsuite hostname="LAPTOP-KF32ETP1" failures="0" tests="1" name="TestScripts.dangnhap" time="24.524" errors="0" timestamp="2024-04-02T18:45:27 ICT" skipped="0">
  <testcase classname="TestScripts.dangnhap" name="f" time="24.524"/>
</testsuite> <!-- TestScripts.dangnhap -->
