<?xml version="1.0" encoding="UTF-8"?>
<!-- Generated by org.testng.reporters.JUnitReportReporter -->
<testsuite hostname="LAPTOP-9U1DLM3I" failures="0" tests="3" name="TestScripts.excelTimKiem" time="52.852" errors="0" timestamp="2024-04-07T18:29:41 ICT" skipped="0">
  <testcase classname="TestScripts.excelTimKiem" name="f" time="18.530"/>
  <system-out/>
  <testcase classname="TestScripts.excelTimKiem" name="f" time="16.307"/>
  <system-out/>
  <testcase classname="TestScripts.excelTimKiem" name="f" time="18.015"/>
  <system-out/>
</testsuite> <!-- TestScripts.excelTimKiem -->
