<?xml version="1.0" encoding="UTF-8"?>
<!-- Generated by org.testng.reporters.JUnitReportReporter -->
<testsuite hostname="LAPTOP-KF32ETP1" failures="0" tests="1" name="TestScripts.test" time="10.037" errors="0" timestamp="2024-04-01T21:08:42 ICT" skipped="0">
  <testcase classname="TestScripts.test" name="f" time="10.037"/>
</testsuite> <!-- TestScripts.test -->
