<?xml version="1.0" encoding="UTF-8"?>
<!-- Generated by org.testng.reporters.JUnitReportReporter -->
<testsuite hostname="LAPTOP-KF32ETP1" failures="0" tests="1" name="TestScripts.dangky" time="27.329" errors="0" timestamp="2024-04-01T21:33:54 ICT" skipped="0">
  <testcase classname="TestScripts.dangky" name="f" time="27.329"/>
</testsuite> <!-- TestScripts.dangky -->
