<?xml version="1.0" encoding="UTF-8"?>
<!-- Generated by org.testng.reporters.JUnitReportReporter -->
<testsuite hostname="LAPTOP-KF32ETP1" failures="0" tests="1" name="TestScripts.Test_Login" time="23.843" errors="0" timestamp="2024-03-12T16:21:46 ICT" skipped="0">
  <testcase classname="TestScripts.Test_Login" name="Login" time="23.843"/>
</testsuite> <!-- TestScripts.Test_Login -->
