<?xml version="1.0" encoding="UTF-8"?>
<!-- Generated by org.testng.reporters.JUnitReportReporter -->
<testsuite hostname="LAPTOP-9U1DLM3I" failures="0" tests="3" name="TestScripts.Excel" time="76.450" errors="0" timestamp="2024-04-07T22:51:29 ICT" skipped="0">
  <testcase classname="TestScripts.Excel" name="f" time="27.052"/>
  <system-out/>
  <testcase classname="TestScripts.Excel" name="f" time="27.482"/>
  <system-out/>
  <testcase classname="TestScripts.Excel" name="f" time="21.916"/>
  <system-out/>
</testsuite> <!-- TestScripts.Excel -->
