<?xml version="1.0" encoding="UTF-8"?>
<!-- Generated by org.testng.reporters.JUnitReportReporter -->
<testsuite hostname="LAPTOP-9U1DLM3I" failures="0" tests="1" name="RemunerationManagement.UpdateSubject" time="13.929" errors="0" timestamp="2024-04-03T19:08:45 ICT" skipped="0">
  <testcase classname="RemunerationManagement.UpdateSubject" name="testAddUserFunctionality" time="13.929"/>
  <system-out/>
</testsuite> <!-- RemunerationManagement.UpdateSubject -->
