<?xml version="1.0" encoding="UTF-8"?>
<!-- Generated by org.testng.reporters.JUnitReportReporter -->
<testsuite hostname="LAPTOP-9U1DLM3I" failures="0" tests="1" name="WrongCase.UpdateThieuTruongDuLieu" time="3.382" errors="0" timestamp="2024-03-31T22:34:00 ICT" skipped="0">
  <testcase classname="WrongCase.UpdateThieuTruongDuLieu" name="testUpdateMajorWithoutData" time="3.382"/>
  <system-out/>
</testsuite> <!-- WrongCase.UpdateThieuTruongDuLieu -->
