<?xml version="1.0" encoding="UTF-8"?>
<!-- Generated by org.testng.reporters.JUnitReportReporter -->
<testsuite hostname="LAPTOP-9U1DLM3I" failures="0" tests="1" name="RemunerationManagement.UpdateADranks" time="10.749" errors="0" timestamp="2024-04-04T01:50:45 ICT" skipped="0">
  <testcase classname="RemunerationManagement.UpdateADranks" name="testAddUserFunctionality" time="10.749"/>
  <system-out/>
</testsuite> <!-- RemunerationManagement.UpdateADranks -->
