<?xml version="1.0" encoding="UTF-8"?>
<!-- Generated by org.testng.reporters.JUnitReportReporter -->
<testsuite hostname="LAPTOP-9U1DLM3I" failures="0" tests="1" name="TimetableManagement.Import" time="6.518" errors="0" timestamp="2024-04-01T09:10:07 ICT" skipped="0">
  <testcase classname="TimetableManagement.Import" name="testAddUserFunctionality" time="6.518"/>
  <system-out/>
</testsuite> <!-- TimetableManagement.Import -->
