<?xml version="1.0" encoding="UTF-8"?>
<!-- Generated by org.testng.reporters.JUnitReportReporter -->
<testsuite hostname="LAPTOP-9U1DLM3I" failures="0" tests="1" name="LogInLogOut.LogOut" time="0.500" errors="0" timestamp="2024-03-17T20:01:18 ICT" skipped="0">
  <testcase classname="LogInLogOut.LogOut" name="testAddUserFunctionality" time="0.500"/>
  <system-out/>
</testsuite> <!-- LogInLogOut.LogOut -->
