<?xml version="1.0" encoding="UTF-8"?>
<!-- Generated by org.testng.reporters.JUnitReportReporter -->
<testsuite hostname="LAPTOP-9U1DLM3I" failures="0" tests="1" name="WrongCase.SearchKoHienThiKetQua" time="4.260" errors="0" timestamp="2024-03-25T20:48:44 ICT" skipped="0">
  <testcase classname="WrongCase.SearchKoHienThiKetQua" name="testSearchNonexistentResult" time="4.260"/>
  <system-out/>
</testsuite> <!-- WrongCase.SearchKoHienThiKetQua -->
