<?xml version="1.0" encoding="UTF-8"?>
<!-- Generated by org.testng.reporters.JUnitReportReporter -->
<testsuite hostname="LAPTOP-9U1DLM3I" failures="0" tests="1" name="TimetableManagement.ViewPersonalTimetable" time="15.827" errors="0" timestamp="2024-04-01T20:42:30 ICT" skipped="0">
  <testcase classname="TimetableManagement.ViewPersonalTimetable" name="testAddUserFunctionality" time="15.827"/>
  <system-out/>
</testsuite> <!-- TimetableManagement.ViewPersonalTimetable -->
