<?xml version="1.0" encoding="UTF-8"?>
<!-- Generated by org.testng.reporters.JUnitReportReporter -->
<testsuite hostname="LAPTOP-9U1DLM3I" failures="0" tests="1" name="TimetableManagement.AssignLecturer" time="18.669" errors="0" timestamp="2024-04-02T07:33:16 ICT" skipped="0">
  <testcase classname="TimetableManagement.AssignLecturer" name="testAddUserFunctionality" time="18.669"/>
  <system-out/>
</testsuite> <!-- TimetableManagement.AssignLecturer -->
