<?xml version="1.0" encoding="UTF-8"?>
<!-- Generated by org.testng.reporters.JUnitReportReporter -->
<testsuite hostname="LAPTOP-9U1DLM3I" failures="0" tests="1" name="RemunerationManagement.DeleteAD" time="6.902" errors="0" timestamp="2024-04-03T11:04:02 ICT" skipped="0">
  <testcase classname="RemunerationManagement.DeleteAD" name="testAddUserFunctionality" time="6.902"/>
  <system-out/>
</testsuite> <!-- RemunerationManagement.DeleteAD -->
