<?xml version="1.0" encoding="UTF-8"?>
<!-- Generated by org.testng.reporters.JUnitReportReporter -->
<testsuite hostname="LAPTOP-9U1DLM3I" failures="0" tests="1" name="testScript.TestWebsiteQLPCGD" time="8.316" errors="0" timestamp="2024-03-12T21:35:34 ICT" skipped="0">
  <testcase classname="testScript.TestWebsiteQLPCGD" name="testAddUserFunctionality" time="8.316"/>
  <system-out/>
</testsuite> <!-- testScript.TestWebsiteQLPCGD -->
