<?xml version="1.0" encoding="UTF-8"?>
<!-- Generated by org.testng.reporters.JUnitReportReporter -->
<testsuite hostname="LAPTOP-9U1DLM3I" failures="0" tests="1" name="RemunerationManagement.ViewAD" time="9.350" errors="0" timestamp="2024-04-03T11:17:53 ICT" skipped="0">
  <testcase classname="RemunerationManagement.ViewAD" name="testAddUserFunctionality" time="9.350"/>
  <system-out/>
</testsuite> <!-- RemunerationManagement.ViewAD -->
