<?xml version="1.0" encoding="UTF-8"?>
<!-- Generated by org.testng.reporters.JUnitReportReporter -->
<testsuite hostname="LAPTOP-9U1DLM3I" failures="0" tests="1" name="UserProfileManagement.UpdateUserProfile" time="9.856" errors="0" timestamp="2024-04-02T19:01:45 ICT" skipped="0">
  <testcase classname="UserProfileManagement.UpdateUserProfile" name="testAddUserFunctionality" time="9.856"/>
  <system-out/>
</testsuite> <!-- UserProfileManagement.UpdateUserProfile -->
