<?xml version="1.0" encoding="UTF-8"?>
<!-- Generated by org.testng.reporters.JUnitReportReporter -->
<testsuite hostname="LAPTOP-9U1DLM3I" failures="0" tests="1" name="TimetableManagement.Export" time="11.214" errors="0" timestamp="2024-04-01T09:47:09 ICT" skipped="0">
  <testcase classname="TimetableManagement.Export" name="testAddUserFunctionality" time="11.214"/>
  <system-out/>
</testsuite> <!-- TimetableManagement.Export -->
