<?xml version="1.0" encoding="UTF-8"?>
<!-- Generated by org.testng.reporters.JUnitReportReporter -->
<testsuite hostname="LAPTOP-9U1DLM3I" failures="0" tests="1" name="RemunerationManagement.CreateAD" time="13.675" errors="0" timestamp="2024-04-03T10:41:20 ICT" skipped="0">
  <testcase classname="RemunerationManagement.CreateAD" name="testAddUserFunctionality" time="13.675"/>
  <system-out/>
</testsuite> <!-- RemunerationManagement.CreateAD -->
