<?xml version="1.0" encoding="UTF-8"?>
<!-- Generated by org.testng.reporters.JUnitReportReporter -->
<testsuite hostname="LAPTOP-9U1DLM3I" failures="0" tests="1" name="RemunerationManagement.DeleteADranks" time="7.584" errors="0" timestamp="2024-04-03T18:14:28 ICT" skipped="0">
  <testcase classname="RemunerationManagement.DeleteADranks" name="testAddUserFunctionality" time="7.584"/>
  <system-out/>
</testsuite> <!-- RemunerationManagement.DeleteADranks -->
