<?xml version="1.0" encoding="UTF-8"?>
<!-- Generated by org.testng.reporters.JUnitReportReporter -->
<testsuite hostname="LAPTOP-9U1DLM3I" failures="0" tests="1" name="TimetableManagement.DeleteClass" time="18.045" errors="0" timestamp="2024-04-02T08:01:17 ICT" skipped="0">
  <testcase classname="TimetableManagement.DeleteClass" name="testAddUserFunctionality" time="18.045"/>
  <system-out/>
</testsuite> <!-- TimetableManagement.DeleteClass -->
