<?xml version="1.0" encoding="UTF-8"?>
<!-- Generated by org.testng.reporters.JUnitReportReporter -->
<testsuite hostname="LAPTOP-9U1DLM3I" failures="0" tests="1" name="RemunerationManagement.LectureRankSearch" time="9.019" errors="0" timestamp="2024-04-04T09:00:57 ICT" skipped="0">
  <testcase classname="RemunerationManagement.LectureRankSearch" name="testAddUserFunctionality" time="9.019"/>
  <system-out/>
</testsuite> <!-- RemunerationManagement.LectureRankSearch -->
