<?xml version="1.0" encoding="UTF-8"?>
<!-- Generated by org.testng.reporters.JUnitReportReporter -->
<testsuite hostname="LAPTOP-9U1DLM3I" failures="0" tests="1" name="RemunerationManagement.CreateADranks" time="13.488" errors="0" timestamp="2024-04-03T23:14:43 ICT" skipped="0">
  <testcase classname="RemunerationManagement.CreateADranks" name="testAddUserFunctionality" time="13.488"/>
  <system-out/>
</testsuite> <!-- RemunerationManagement.CreateADranks -->
