<?xml version="1.0" encoding="UTF-8"?>
<!-- Generated by org.testng.reporters.JUnitReportReporter -->
<testsuite hostname="LAPTOP-9U1DLM3I" failures="0" tests="1" name="RemunerationManagement.ViewSubject" time="10.753" errors="0" timestamp="2024-04-03T18:33:35 ICT" skipped="0">
  <testcase classname="RemunerationManagement.ViewSubject" name="testAddUserFunctionality" time="10.753"/>
  <system-out/>
</testsuite> <!-- RemunerationManagement.ViewSubject -->
