<?xml version="1.0" encoding="UTF-8"?>
<!-- Generated by org.testng.reporters.JUnitReportReporter -->
<testsuite hostname="LAPTOP-9U1DLM3I" failures="0" tests="1" name="RemunerationManagement.LOLbyViewRank" time="8.471" errors="0" timestamp="2024-04-03T23:19:12 ICT" skipped="0">
  <testcase classname="RemunerationManagement.LOLbyViewRank" name="testAddUserFunctionality" time="8.471"/>
  <system-out/>
</testsuite> <!-- RemunerationManagement.LOLbyViewRank -->
