<?xml version="1.0" encoding="UTF-8"?>
<!-- Generated by org.testng.reporters.JUnitReportReporter -->
<testsuite hostname="LAPTOP-9U1DLM3I" failures="0" tests="1" name="LogInLogOut.LogIn" time="0.015" errors="0" timestamp="2024-03-17T19:59:13 ICT" skipped="0">
  <testcase classname="LogInLogOut.LogIn" name="afterClass" time="0.015"/>
  <system-out/>
</testsuite> <!-- LogInLogOut.LogIn -->
