<?xml version="1.0" encoding="UTF-8"?>
<!-- Generated by org.testng.reporters.JUnitReportReporter -->
<testsuite hostname="LAPTOP-9U1DLM3I" failures="0" tests="1" name="testScript.DeleteMajor" time="3.322" errors="0" timestamp="2024-03-12T23:03:39 ICT" skipped="0">
  <testcase classname="testScript.DeleteMajor" name="testAddUserFunctionality" time="3.322"/>
  <system-out/>
</testsuite> <!-- testScript.DeleteMajor -->
