<?xml version="1.0" encoding="UTF-8"?>
<!-- Generated by org.testng.reporters.JUnitReportReporter -->
<testsuite hostname="LAPTOP-9U1DLM3I" failures="0" tests="1" name="RemunerationManagement.SearchAD" time="5.505" errors="0" timestamp="2024-04-03T11:20:32 ICT" skipped="0">
  <testcase classname="RemunerationManagement.SearchAD" name="testAddUserFunctionality" time="5.505"/>
  <system-out/>
</testsuite> <!-- RemunerationManagement.SearchAD -->
