<?xml version="1.0" encoding="UTF-8"?>
<!-- Generated by org.testng.reporters.JUnitReportReporter -->
<testsuite hostname="LAPTOP-9U1DLM3I" failures="0" tests="1" name="testScript.SearchMajor" time="3.113" errors="0" timestamp="2024-03-25T14:23:14 ICT" skipped="0">
  <testcase classname="testScript.SearchMajor" name="testAddUserFunctionality" time="3.113"/>
  <system-out/>
</testsuite> <!-- testScript.SearchMajor -->
