<?xml version="1.0" encoding="UTF-8"?>
<!-- Generated by org.testng.reporters.JUnitReportReporter -->
<testsuite hostname="LAPTOP-9U1DLM3I" failures="0" tests="1" name="WrongCase.CreateSaiKyTu" time="4.604" errors="0" timestamp="2024-03-25T18:45:36 ICT" skipped="0">
  <testcase classname="WrongCase.CreateSaiKyTu" name="testInvalidMajorCode" time="4.604"/>
  <system-out/>
</testsuite> <!-- WrongCase.CreateSaiKyTu -->
