<?xml version="1.0" encoding="UTF-8"?>
<!-- Generated by org.testng.reporters.JUnitReportReporter -->
<testsuite hostname="LAPTOP-9U1DLM3I" failures="0" tests="1" name="WrongCase.DeleteCoDuLieu" time="14.914" errors="0" timestamp="2024-03-25T14:19:42 ICT" skipped="0">
  <testcase classname="WrongCase.DeleteCoDuLieu" name="testDeleteMajor" time="14.914"/>
  <system-out/>
</testsuite> <!-- WrongCase.DeleteCoDuLieu -->
