<?xml version="1.0" encoding="UTF-8"?>
<!-- Generated by org.testng.reporters.JUnitReportReporter -->
<testsuite hostname="LAPTOP-9U1DLM3I" failures="0" tests="1" name="RemunerationManagement.SearchSubject" time="9.485" errors="0" timestamp="2024-04-03T19:26:38 ICT" skipped="0">
  <testcase classname="RemunerationManagement.SearchSubject" name="testAddUserFunctionality" time="9.485"/>
  <system-out/>
</testsuite> <!-- RemunerationManagement.SearchSubject -->
