<?xml version="1.0" encoding="UTF-8"?>
<!-- Generated by org.testng.reporters.JUnitReportReporter -->
<testsuite hostname="LAPTOP-9U1DLM3I" failures="0" tests="1" name="testScript.ViewListMajor" time="3.025" errors="0" timestamp="2024-03-12T22:27:56 ICT" skipped="0">
  <testcase classname="testScript.ViewListMajor" name="testAddUserFunctionality" time="3.025"/>
  <system-out/>
</testsuite> <!-- testScript.ViewListMajor -->
