<?xml version="1.0" encoding="UTF-8"?>
<!-- Generated by org.testng.reporters.JUnitReportReporter -->
<testsuite hostname="LAPTOP-9U1DLM3I" failures="0" tests="1" name="testScript.CreatorMajor" time="5.485" errors="0" timestamp="2024-03-24T21:59:57 ICT" skipped="0">
  <testcase classname="testScript.CreatorMajor" name="testAddUserFunctionality" time="5.485"/>
  <system-out/>
</testsuite> <!-- testScript.CreatorMajor -->
