<?xml version="1.0" encoding="UTF-8"?>
<!-- Generated by org.testng.reporters.JUnitReportReporter -->
<testsuite hostname="LAPTOP-9U1DLM3I" failures="0" tests="1" name="WrongCase.DeleteDaCoDuLieu" time="15.586" errors="0" timestamp="2024-03-25T20:36:49 ICT" skipped="0">
  <testcase classname="WrongCase.DeleteDaCoDuLieu" name="testDeleteMajor" time="15.586"/>
  <system-out/>
</testsuite> <!-- WrongCase.DeleteDaCoDuLieu -->
