<?xml version="1.0" encoding="UTF-8"?>
<!-- Generated by org.testng.reporters.JUnitReportReporter -->
<testsuite hostname="LAPTOP-9U1DLM3I" failures="0" tests="1" name="RemunerationManagement.SearchADranks" time="6.878" errors="0" timestamp="2024-04-03T11:56:49 ICT" skipped="0">
  <testcase classname="RemunerationManagement.SearchADranks" name="testAddUserFunctionality" time="6.878"/>
  <system-out/>
</testsuite> <!-- RemunerationManagement.SearchADranks -->
