<?xml version="1.0" encoding="UTF-8"?>
<!-- Generated by org.testng.reporters.JUnitReportReporter -->
<testsuite hostname="LAPTOP-9U1DLM3I" failures="0" tests="1" name="WrongCase.CreateKyTuDacBiet" time="5.258" errors="0" timestamp="2024-03-25T20:26:06 ICT" skipped="0">
  <testcase classname="WrongCase.CreateKyTuDacBiet" name="testInvalidMajorCode" time="5.258"/>
  <system-out/>
</testsuite> <!-- WrongCase.CreateKyTuDacBiet -->
