<?xml version="1.0" encoding="UTF-8"?>
<!-- Generated by org.testng.reporters.JUnitReportReporter -->
<testsuite hostname="LAPTOP-9U1DLM3I" failures="0" tests="1" name="TimetableManagement.ViewFacultyTimetable" time="15.012" errors="0" timestamp="2024-04-04T12:49:06 ICT" skipped="0">
  <testcase classname="TimetableManagement.ViewFacultyTimetable" name="testAddUserFunctionality" time="15.012"/>
  <system-out/>
</testsuite> <!-- TimetableManagement.ViewFacultyTimetable -->
