<?xml version="1.0" encoding="UTF-8"?>
<!-- Generated by org.testng.reporters.JUnitReportReporter -->
<testsuite hostname="LAPTOP-9U1DLM3I" failures="0" tests="1" name="RemunerationManagement.UpdateAD" time="11.260" errors="0" timestamp="2024-04-03T11:00:29 ICT" skipped="0">
  <testcase classname="RemunerationManagement.UpdateAD" name="testAddUserFunctionality" time="11.260"/>
  <system-out/>
</testsuite> <!-- RemunerationManagement.UpdateAD -->
