<?xml version="1.0" encoding="UTF-8"?>
<!-- Generated by org.testng.reporters.JUnitReportReporter -->
<testsuite hostname="LAPTOP-9U1DLM3I" failures="0" tests="1" name="WrongCase.SearchKoHopLe" time="3.666" errors="0" timestamp="2024-03-25T14:28:54 ICT" skipped="0">
  <testcase classname="WrongCase.SearchKoHopLe" name="testSearchNonexistentResult" time="3.666"/>
  <system-out/>
</testsuite> <!-- WrongCase.SearchKoHopLe -->
